<?xml version="1.0" encoding="UTF-8"?>
<testsuite xmlns:xsi="http://www.w3.org/2001/XMLSchema-instance" xsi:schemaLocation="https://maven.apache.org/surefire/maven-surefire-plugin/xsd/surefire-test-report.xsd" name="server.TestwebApplicationTests" time="61.921" tests="9" errors="0" skipped="0" failures="0">
  <properties>
[...]
</properties>
  <testcase name="checkConnection" classname="server.TestwebApplicationTests" time="5.286"/>
  <testcase name="checkLoginDAOWithBoss" classname="server.TestwebApplicationTests" time="7.59"/>
  <testcase name="showAllDAO" classname="server.TestwebApplicationTests" time="1.424"/>
  <testcase name="deleteDAO" classname="server.TestwebApplicationTests" time="2.883"/>
  <testcase name="testLoginUI" classname="server.TestwebApplicationTests" time="9.342"/>
  <testcase name="checkWelcomeWithName" classname="server.TestwebApplicationTests" time="7.288"/>
  <testcase name="showAllUI" classname="server.TestwebApplicationTests" time="6.17"/>
  <testcase name="deleteUI" classname="server.TestwebApplicationTests" time="4.37"/>
  <testcase name="testLogOut" classname="server.TestwebApplicationTests" time="1.509"/>
</testsuite>